Using pre-set license
Built from '2020.3/release' branch; Version is '2020.3.7f1 (dd97f2c94397) revision 14522354'; Using compiler version '192528614'; Build Type 'Release'
OS: 'Windows 10 Home; OS build 19042.1415; Version 2009; 64bit' Language: 'tr' Physical Memory: 12169 MB
BatchMode: 1, IsHumanControllingUs: 0, StartBugReporterOnCrash: 0, Is64bit: 1, IsPro: 0

 COMMAND LINE ARGUMENTS:
C:\Users\Sefa\Unity Projects\2020.3.7f1\Editor\Unity.exe
-adb2
-batchMode
-noUpm
-name
AssetImportWorker0
-projectPath
C:/Users/Sefa/Unity Projects/CubeGamesAssignment
-logFile
Logs/AssetImportWorker0.log
-srvPort
60124
Successfully changed project path to: C:/Users/Sefa/Unity Projects/CubeGamesAssignment
C:/Users/Sefa/Unity Projects/CubeGamesAssignment
Using Asset Import Pipeline V2.
Refreshing native plugins compatible for Editor in 33.57 ms, found 0 plugins.
Preloading 0 native plugins for Editor in 0.00 ms.
Initialize engine version: 2020.3.7f1 (dd97f2c94397)
[Subsystems] Discovering subsystems at path C:/Users/Sefa/Unity Projects/2020.3.7f1/Editor/Data/Resources/UnitySubsystems
[Subsystems] Discovering subsystems at path C:/Users/Sefa/Unity Projects/CubeGamesAssignment/Assets
GfxDevice: creating device client; threaded=0
Direct3D:
    Version:  Direct3D 11.0 [level 11.0]
    Renderer: NVIDIA GeForce GTX 950M (ID=0x139a)
    Vendor:   
    VRAM:     2010 MB
    Driver:   27.21.14.6192
Initialize mono
Mono path[0] = 'C:/Users/Sefa/Unity Projects/2020.3.7f1/Editor/Data/Managed'
Mono path[1] = 'C:/Users/Sefa/Unity Projects/2020.3.7f1/Editor/Data/MonoBleedingEdge/lib/mono/unityjit'
Mono config path = 'C:/Users/Sefa/Unity Projects/2020.3.7f1/Editor/Data/MonoBleedingEdge/etc'
Using monoOptions --debugger-agent=transport=dt_socket,embedding=1,server=y,suspend=n,address=127.0.0.1:56764
Begin MonoManager ReloadAssembly
Registering precompiled unity dll's ...
Register platform support module: C:/Users/Sefa/Unity Projects/2020.3.7f1/Editor/Data/PlaybackEngines/WindowsStandaloneSupport/UnityEditor.WindowsStandalone.Extensions.dll
Registered in 0.002258 seconds.
Native extension for WindowsStandalone target not found
Refreshing native plugins compatible for Editor in 37.26 ms, found 0 plugins.
Preloading 0 native plugins for Editor in 0.00 ms.
Mono: successfully reloaded assembly
- Completed reload, in  2.846 seconds
Platform modules already initialized, skipping
Registering precompiled user dll's ...
Registered in 0.001309 seconds.
Begin MonoManager ReloadAssembly
Native extension for WindowsStandalone target not found
Refreshing native plugins compatible for Editor in 0.27 ms, found 0 plugins.
Preloading 0 native plugins for Editor in 0.00 ms.
Mono: successfully reloaded assembly
- Completed reload, in  1.255 seconds
Platform modules already initialized, skipping
========================================================================
Worker process is ready to serve import requests
Launched and connected shader compiler UnityShaderCompiler.exe after 0.06 seconds
Refreshing native plugins compatible for Editor in 0.25 ms, found 0 plugins.
Preloading 0 native plugins for Editor in 0.00 ms.
Unloading 1136 Unused Serialized files (Serialized files now loaded: 0)
System memory in use before: 59.4 MB.
System memory in use after: 59.4 MB.

Unloading 9 unused Assets to reduce memory usage. Loaded Objects now: 1580.
Total: 6.430200 ms (FindLiveObjects: 0.244900 ms CreateObjectMapping: 0.117800 ms MarkObjects: 5.940000 ms  DeleteObjects: 0.125800 ms)

========================================================================
Received Prepare
Registering precompiled user dll's ...
Registered in 0.000808 seconds.
Begin MonoManager ReloadAssembly
Native extension for WindowsStandalone target not found
Refreshing native plugins compatible for Editor in 0.42 ms, found 0 plugins.
Preloading 0 native plugins for Editor in 0.00 ms.
Mono: successfully reloaded assembly
- Completed reload, in  1.139 seconds
Platform modules already initialized, skipping
Refreshing native plugins compatible for Editor in 0.23 ms, found 0 plugins.
Preloading 0 native plugins for Editor in 0.00 ms.
Unloading 1117 Unused Serialized files (Serialized files now loaded: 0)
System memory in use before: 57.9 MB.
System memory in use after: 58.0 MB.

Unloading 4 unused Assets to reduce memory usage. Loaded Objects now: 1583.
Total: 2.698600 ms (FindLiveObjects: 0.402000 ms CreateObjectMapping: 0.078600 ms MarkObjects: 2.046900 ms  DeleteObjects: 0.169300 ms)

========================================================================
Received Import Request.
  path: Assets/Scripts/MovementController.cs
  artifactKey: Guid(6dab1736a74b8fb4a8ba4f9e654efaac) Importer(815301076,1909f56bfc062723c751e8b465ee728b)
Start importing Assets/Scripts/MovementController.cs using Guid(6dab1736a74b8fb4a8ba4f9e654efaac) Importer(815301076,1909f56bfc062723c751e8b465ee728b)  -> (artifact id: '51cd96824060a670d6e56dffaeff67cc') in 0.075939 seconds
  Import took 0.078614 seconds .

========================================================================
Received Prepare
Registering precompiled user dll's ...
Registered in 0.000968 seconds.
Begin MonoManager ReloadAssembly
Native extension for WindowsStandalone target not found
Refreshing native plugins compatible for Editor in 0.26 ms, found 0 plugins.
Preloading 0 native plugins for Editor in 0.00 ms.
Mono: successfully reloaded assembly
- Completed reload, in  1.132 seconds
Platform modules already initialized, skipping
Refreshing native plugins compatible for Editor in 0.27 ms, found 0 plugins.
Preloading 0 native plugins for Editor in 0.00 ms.
Unloading 1117 Unused Serialized files (Serialized files now loaded: 0)
System memory in use before: 58.0 MB.
System memory in use after: 58.1 MB.

Unloading 4 unused Assets to reduce memory usage. Loaded Objects now: 1586.
Total: 2.125000 ms (FindLiveObjects: 0.299400 ms CreateObjectMapping: 0.029200 ms MarkObjects: 1.781800 ms  DeleteObjects: 0.013200 ms)

========================================================================
Received Import Request.
  Time since last request: 61.598605 seconds.
  path: Assets/Scripts/MovementController.cs
  artifactKey: Guid(6dab1736a74b8fb4a8ba4f9e654efaac) Importer(815301076,1909f56bfc062723c751e8b465ee728b)
Start importing Assets/Scripts/MovementController.cs using Guid(6dab1736a74b8fb4a8ba4f9e654efaac) Importer(815301076,1909f56bfc062723c751e8b465ee728b)  -> (artifact id: '96c3eb710c933268761f4da188ef0f0f') in 0.009220 seconds
  Import took 0.011894 seconds .

========================================================================
Received Prepare
Registering precompiled user dll's ...
Registered in 0.001037 seconds.
Begin MonoManager ReloadAssembly
Native extension for WindowsStandalone target not found
Refreshing native plugins compatible for Editor in 0.22 ms, found 0 plugins.
Preloading 0 native plugins for Editor in 0.00 ms.
Mono: successfully reloaded assembly
- Completed reload, in  1.120 seconds
Platform modules already initialized, skipping
Refreshing native plugins compatible for Editor in 0.36 ms, found 0 plugins.
Preloading 0 native plugins for Editor in 0.00 ms.
Unloading 1117 Unused Serialized files (Serialized files now loaded: 0)
System memory in use before: 58.0 MB.
System memory in use after: 58.1 MB.

Unloading 4 unused Assets to reduce memory usage. Loaded Objects now: 1589.
Total: 1.945100 ms (FindLiveObjects: 0.136000 ms CreateObjectMapping: 0.042000 ms MarkObjects: 1.704100 ms  DeleteObjects: 0.062100 ms)

========================================================================
Received Prepare
Registering precompiled user dll's ...
Registered in 0.001407 seconds.
Begin MonoManager ReloadAssembly
Native extension for WindowsStandalone target not found
Refreshing native plugins compatible for Editor in 0.22 ms, found 0 plugins.
Preloading 0 native plugins for Editor in 0.00 ms.
Mono: successfully reloaded assembly
- Completed reload, in  1.100 seconds
Platform modules already initialized, skipping
Refreshing native plugins compatible for Editor in 0.33 ms, found 0 plugins.
Preloading 0 native plugins for Editor in 0.00 ms.
Unloading 1117 Unused Serialized files (Serialized files now loaded: 0)
System memory in use before: 58.0 MB.
System memory in use after: 58.1 MB.

Unloading 4 unused Assets to reduce memory usage. Loaded Objects now: 1592.
Total: 1.769200 ms (FindLiveObjects: 0.123900 ms CreateObjectMapping: 0.036000 ms MarkObjects: 1.594600 ms  DeleteObjects: 0.013900 ms)

========================================================================
Received Prepare
Registering precompiled user dll's ...
Registered in 0.001078 seconds.
Begin MonoManager ReloadAssembly
Native extension for WindowsStandalone target not found
Refreshing native plugins compatible for Editor in 0.32 ms, found 0 plugins.
Preloading 0 native plugins for Editor in 0.00 ms.
Mono: successfully reloaded assembly
- Completed reload, in  1.087 seconds
Platform modules already initialized, skipping
Refreshing native plugins compatible for Editor in 0.55 ms, found 0 plugins.
Preloading 0 native plugins for Editor in 0.00 ms.
Unloading 1117 Unused Serialized files (Serialized files now loaded: 0)
System memory in use before: 58.0 MB.
System memory in use after: 58.1 MB.

Unloading 4 unused Assets to reduce memory usage. Loaded Objects now: 1595.
Total: 1.929700 ms (FindLiveObjects: 0.177000 ms CreateObjectMapping: 0.050200 ms MarkObjects: 1.684200 ms  DeleteObjects: 0.016800 ms)

========================================================================
Received Prepare
Registering precompiled user dll's ...
Registered in 0.000847 seconds.
Begin MonoManager ReloadAssembly
Native extension for WindowsStandalone target not found
Refreshing native plugins compatible for Editor in 0.23 ms, found 0 plugins.
Preloading 0 native plugins for Editor in 0.00 ms.
Mono: successfully reloaded assembly
- Completed reload, in  0.882 seconds
Platform modules already initialized, skipping
Refreshing native plugins compatible for Editor in 0.24 ms, found 0 plugins.
Preloading 0 native plugins for Editor in 0.00 ms.
Unloading 1117 Unused Serialized files (Serialized files now loaded: 0)
System memory in use before: 58.0 MB.
System memory in use after: 58.1 MB.

Unloading 4 unused Assets to reduce memory usage. Loaded Objects now: 1598.
Total: 2.360100 ms (FindLiveObjects: 0.227100 ms CreateObjectMapping: 0.035900 ms MarkObjects: 2.079600 ms  DeleteObjects: 0.015900 ms)

========================================================================
Received Import Request.
  Time since last request: 262.873947 seconds.
  path: Assets/Scripts/MovementController.cs
  artifactKey: Guid(6dab1736a74b8fb4a8ba4f9e654efaac) Importer(815301076,1909f56bfc062723c751e8b465ee728b)
Start importing Assets/Scripts/MovementController.cs using Guid(6dab1736a74b8fb4a8ba4f9e654efaac) Importer(815301076,1909f56bfc062723c751e8b465ee728b)  -> (artifact id: '4451a8221b65c0cf608ccb90935a93ec') in 0.006317 seconds
  Import took 0.013928 seconds .

========================================================================
Received Import Request.
  Time since last request: 0.003659 seconds.
  path: Assets/Scripts/MovementController.cs
  artifactKey: Guid(6dab1736a74b8fb4a8ba4f9e654efaac) Importer(815301076,1909f56bfc062723c751e8b465ee728b)
Start importing Assets/Scripts/MovementController.cs using Guid(6dab1736a74b8fb4a8ba4f9e654efaac) Importer(815301076,1909f56bfc062723c751e8b465ee728b)  -> (artifact id: '4451a8221b65c0cf608ccb90935a93ec') in 0.004220 seconds
  Import took 0.006976 seconds .

========================================================================
Received Prepare
Registering precompiled user dll's ...
Registered in 0.000822 seconds.
Begin MonoManager ReloadAssembly
Native extension for WindowsStandalone target not found
Refreshing native plugins compatible for Editor in 0.37 ms, found 0 plugins.
Preloading 0 native plugins for Editor in 0.00 ms.
Mono: successfully reloaded assembly
- Completed reload, in  1.091 seconds
Platform modules already initialized, skipping
Refreshing native plugins compatible for Editor in 0.26 ms, found 0 plugins.
Preloading 0 native plugins for Editor in 0.00 ms.
Unloading 1116 Unused Serialized files (Serialized files now loaded: 0)
System memory in use before: 58.0 MB.
System memory in use after: 58.1 MB.

Unloading 5 unused Assets to reduce memory usage. Loaded Objects now: 1600.
Total: 2.181800 ms (FindLiveObjects: 0.220600 ms CreateObjectMapping: 0.083500 ms MarkObjects: 1.859000 ms  DeleteObjects: 0.017100 ms)

========================================================================
Received Import Request.
  Time since last request: 30.041800 seconds.
  path: Assets/Scripts/SwerveMovement.cs
  artifactKey: Guid(0486b9937d03526419bd1aaaa0e2cbc7) Importer(815301076,1909f56bfc062723c751e8b465ee728b)
Start importing Assets/Scripts/SwerveMovement.cs using Guid(0486b9937d03526419bd1aaaa0e2cbc7) Importer(815301076,1909f56bfc062723c751e8b465ee728b)  -> (artifact id: '268ce72299a74783f1cbff3fd10190a1') in 0.009668 seconds
  Import took 0.013653 seconds .

========================================================================
Received Import Request.
  Time since last request: 0.032316 seconds.
  path: Assets/Scripts/SwerveMovement.cs
  artifactKey: Guid(0486b9937d03526419bd1aaaa0e2cbc7) Importer(815301076,1909f56bfc062723c751e8b465ee728b)
Start importing Assets/Scripts/SwerveMovement.cs using Guid(0486b9937d03526419bd1aaaa0e2cbc7) Importer(815301076,1909f56bfc062723c751e8b465ee728b)  -> (artifact id: '268ce72299a74783f1cbff3fd10190a1') in 0.006755 seconds
  Import took 0.009267 seconds .

========================================================================
Received Prepare
Registering precompiled user dll's ...
Registered in 0.000973 seconds.
Begin MonoManager ReloadAssembly
Native extension for WindowsStandalone target not found
Refreshing native plugins compatible for Editor in 0.25 ms, found 0 plugins.
Preloading 0 native plugins for Editor in 0.00 ms.
Mono: successfully reloaded assembly
- Completed reload, in  0.942 seconds
Platform modules already initialized, skipping
Refreshing native plugins compatible for Editor in 0.26 ms, found 0 plugins.
Preloading 0 native plugins for Editor in 0.00 ms.
Unloading 1117 Unused Serialized files (Serialized files now loaded: 0)
System memory in use before: 58.1 MB.
System memory in use after: 58.2 MB.

Unloading 4 unused Assets to reduce memory usage. Loaded Objects now: 1604.
Total: 3.029300 ms (FindLiveObjects: 0.249700 ms CreateObjectMapping: 0.084100 ms MarkObjects: 2.663300 ms  DeleteObjects: 0.025000 ms)

========================================================================
Received Import Request.
  Time since last request: 98.384892 seconds.
  path: Assets/Scripts/SwerveMovement.cs
  artifactKey: Guid(0486b9937d03526419bd1aaaa0e2cbc7) Importer(815301076,1909f56bfc062723c751e8b465ee728b)
Start importing Assets/Scripts/SwerveMovement.cs using Guid(0486b9937d03526419bd1aaaa0e2cbc7) Importer(815301076,1909f56bfc062723c751e8b465ee728b)  -> (artifact id: '97554fe1ac01d5e4ec31c6ac5627a21c') in 0.004843 seconds
  Import took 0.007313 seconds .

========================================================================
Received Prepare
Registering precompiled user dll's ...
Registered in 0.000751 seconds.
Begin MonoManager ReloadAssembly
Native extension for WindowsStandalone target not found
Refreshing native plugins compatible for Editor in 0.27 ms, found 0 plugins.
Preloading 0 native plugins for Editor in 0.00 ms.
Mono: successfully reloaded assembly
- Completed reload, in  0.954 seconds
Platform modules already initialized, skipping
Refreshing native plugins compatible for Editor in 0.33 ms, found 0 plugins.
Preloading 0 native plugins for Editor in 0.00 ms.
Unloading 1117 Unused Serialized files (Serialized files now loaded: 0)
System memory in use before: 58.1 MB.
System memory in use after: 58.2 MB.

Unloading 4 unused Assets to reduce memory usage. Loaded Objects now: 1607.
Total: 2.080300 ms (FindLiveObjects: 0.191800 ms CreateObjectMapping: 0.066500 ms MarkObjects: 1.805100 ms  DeleteObjects: 0.015400 ms)

AssetImportWorkerClient::OnTransportError - code=2 error=End of file
