Using pre-set license
Built from '2020.3/release' branch; Version is '2020.3.7f1 (dd97f2c94397) revision 14522354'; Using compiler version '192528614'; Build Type 'Release'
OS: 'Windows 10 Home; OS build 19042.1415; Version 2009; 64bit' Language: 'tr' Physical Memory: 12169 MB
BatchMode: 1, IsHumanControllingUs: 0, StartBugReporterOnCrash: 0, Is64bit: 1, IsPro: 0

 COMMAND LINE ARGUMENTS:
C:\Users\Sefa\Unity Projects\2020.3.7f1\Editor\Unity.exe
-adb2
-batchMode
-noUpm
-name
AssetImportWorker0
-projectPath
C:/Users/Sefa/Unity Projects/CubeGamesAssignment
-logFile
Logs/AssetImportWorker0.log
-srvPort
53577
Successfully changed project path to: C:/Users/Sefa/Unity Projects/CubeGamesAssignment
C:/Users/Sefa/Unity Projects/CubeGamesAssignment
Using Asset Import Pipeline V2.
Refreshing native plugins compatible for Editor in 31.91 ms, found 0 plugins.
Preloading 0 native plugins for Editor in 0.00 ms.
Initialize engine version: 2020.3.7f1 (dd97f2c94397)
[Subsystems] Discovering subsystems at path C:/Users/Sefa/Unity Projects/2020.3.7f1/Editor/Data/Resources/UnitySubsystems
[Subsystems] Discovering subsystems at path C:/Users/Sefa/Unity Projects/CubeGamesAssignment/Assets
GfxDevice: creating device client; threaded=0
Direct3D:
    Version:  Direct3D 11.0 [level 11.0]
    Renderer: NVIDIA GeForce GTX 950M (ID=0x139a)
    Vendor:   
    VRAM:     2010 MB
    Driver:   27.21.14.6192
Initialize mono
Mono path[0] = 'C:/Users/Sefa/Unity Projects/2020.3.7f1/Editor/Data/Managed'
Mono path[1] = 'C:/Users/Sefa/Unity Projects/2020.3.7f1/Editor/Data/MonoBleedingEdge/lib/mono/unityjit'
Mono config path = 'C:/Users/Sefa/Unity Projects/2020.3.7f1/Editor/Data/MonoBleedingEdge/etc'
Using monoOptions --debugger-agent=transport=dt_socket,embedding=1,server=y,suspend=n,address=127.0.0.1:56504
Begin MonoManager ReloadAssembly
Registering precompiled unity dll's ...
Register platform support module: C:/Users/Sefa/Unity Projects/2020.3.7f1/Editor/Data/PlaybackEngines/WindowsStandaloneSupport/UnityEditor.WindowsStandalone.Extensions.dll
Registered in 0.001913 seconds.
Native extension for WindowsStandalone target not found
Refreshing native plugins compatible for Editor in 25.62 ms, found 0 plugins.
Preloading 0 native plugins for Editor in 0.00 ms.
Mono: successfully reloaded assembly
- Completed reload, in  2.050 seconds
Platform modules already initialized, skipping
Registering precompiled user dll's ...
Registered in 0.000692 seconds.
Begin MonoManager ReloadAssembly
Native extension for WindowsStandalone target not found
Refreshing native plugins compatible for Editor in 0.20 ms, found 0 plugins.
Preloading 0 native plugins for Editor in 0.00 ms.
Mono: successfully reloaded assembly
- Completed reload, in  0.882 seconds
Platform modules already initialized, skipping
========================================================================
Worker process is ready to serve import requests
Launched and connected shader compiler UnityShaderCompiler.exe after 0.05 seconds
Refreshing native plugins compatible for Editor in 0.37 ms, found 0 plugins.
Preloading 0 native plugins for Editor in 0.00 ms.
Unloading 1137 Unused Serialized files (Serialized files now loaded: 0)
System memory in use before: 59.4 MB.
System memory in use after: 59.5 MB.

Unloading 9 unused Assets to reduce memory usage. Loaded Objects now: 1581.
Total: 2.486100 ms (FindLiveObjects: 0.307300 ms CreateObjectMapping: 0.088400 ms MarkObjects: 1.962500 ms  DeleteObjects: 0.126800 ms)

========================================================================
Received Import Request.
  path: Assets/Scripts/EventManager.cs
  artifactKey: Guid(a352f7f367eed9947a320f54c2d58085) Importer(815301076,1909f56bfc062723c751e8b465ee728b)
Start importing Assets/Scripts/EventManager.cs using Guid(a352f7f367eed9947a320f54c2d58085) Importer(815301076,1909f56bfc062723c751e8b465ee728b)  -> (artifact id: '7029e62f975f6e96a7ffb86e61d78894') in 0.041833 seconds
  Import took 0.048715 seconds .

========================================================================
Received Prepare
Registering precompiled user dll's ...
Registered in 0.000775 seconds.
Begin MonoManager ReloadAssembly
Native extension for WindowsStandalone target not found
Refreshing native plugins compatible for Editor in 0.24 ms, found 0 plugins.
Preloading 0 native plugins for Editor in 0.00 ms.
Mono: successfully reloaded assembly
- Completed reload, in  0.858 seconds
Platform modules already initialized, skipping
Refreshing native plugins compatible for Editor in 0.22 ms, found 0 plugins.
Preloading 0 native plugins for Editor in 0.00 ms.
Unloading 1118 Unused Serialized files (Serialized files now loaded: 0)
System memory in use before: 58.0 MB.
System memory in use after: 58.1 MB.

Unloading 4 unused Assets to reduce memory usage. Loaded Objects now: 1584.
Total: 2.522400 ms (FindLiveObjects: 0.715900 ms CreateObjectMapping: 0.229100 ms MarkObjects: 1.537600 ms  DeleteObjects: 0.019700 ms)

========================================================================
Received Import Request.
  Time since last request: 537.530141 seconds.
  path: Assets/Scripts/UIManager.cs
  artifactKey: Guid(9ef1899fc755b1e4fb15c67e471bc43a) Importer(815301076,1909f56bfc062723c751e8b465ee728b)
Start importing Assets/Scripts/UIManager.cs using Guid(9ef1899fc755b1e4fb15c67e471bc43a) Importer(815301076,1909f56bfc062723c751e8b465ee728b)  -> (artifact id: '5095cb7dbab5a0f81844494af1df5e32') in 0.013310 seconds
  Import took 0.019621 seconds .

========================================================================
Received Prepare
Registering precompiled user dll's ...
Registered in 0.000767 seconds.
Begin MonoManager ReloadAssembly
Native extension for WindowsStandalone target not found
Refreshing native plugins compatible for Editor in 0.24 ms, found 0 plugins.
Preloading 0 native plugins for Editor in 0.00 ms.
Mono: successfully reloaded assembly
- Completed reload, in  0.848 seconds
Platform modules already initialized, skipping
Refreshing native plugins compatible for Editor in 0.27 ms, found 0 plugins.
Preloading 0 native plugins for Editor in 0.00 ms.
Unloading 1118 Unused Serialized files (Serialized files now loaded: 0)
System memory in use before: 58.0 MB.
System memory in use after: 58.1 MB.

Unloading 4 unused Assets to reduce memory usage. Loaded Objects now: 1587.
Total: 2.180200 ms (FindLiveObjects: 0.206000 ms CreateObjectMapping: 0.041400 ms MarkObjects: 1.916300 ms  DeleteObjects: 0.015500 ms)

========================================================================
Received Prepare
Registering precompiled user dll's ...
Registered in 0.000851 seconds.
Begin MonoManager ReloadAssembly
Native extension for WindowsStandalone target not found
Refreshing native plugins compatible for Editor in 0.31 ms, found 0 plugins.
Preloading 0 native plugins for Editor in 0.00 ms.
Mono: successfully reloaded assembly
- Completed reload, in  0.891 seconds
Platform modules already initialized, skipping
Refreshing native plugins compatible for Editor in 0.23 ms, found 0 plugins.
Preloading 0 native plugins for Editor in 0.00 ms.
Unloading 1118 Unused Serialized files (Serialized files now loaded: 0)
System memory in use before: 58.0 MB.
System memory in use after: 58.1 MB.

Unloading 4 unused Assets to reduce memory usage. Loaded Objects now: 1590.
Total: 2.633200 ms (FindLiveObjects: 0.267000 ms CreateObjectMapping: 0.093200 ms MarkObjects: 2.243700 ms  DeleteObjects: 0.026600 ms)

========================================================================
Received Import Request.
  Time since last request: 502.094976 seconds.
  path: Assets/Scripts/LevelManager.cs
  artifactKey: Guid(1c2c631710454494383458961483dbcf) Importer(815301076,1909f56bfc062723c751e8b465ee728b)
Start importing Assets/Scripts/LevelManager.cs using Guid(1c2c631710454494383458961483dbcf) Importer(815301076,1909f56bfc062723c751e8b465ee728b)  -> (artifact id: 'fae2b9fdb76fc141f46211f8e62ef30d') in 0.009388 seconds
  Import took 0.011541 seconds .

========================================================================
Received Prepare
Registering precompiled user dll's ...
Registered in 0.001032 seconds.
Begin MonoManager ReloadAssembly
Native extension for WindowsStandalone target not found
Refreshing native plugins compatible for Editor in 0.28 ms, found 0 plugins.
Preloading 0 native plugins for Editor in 0.00 ms.
Mono: successfully reloaded assembly
- Completed reload, in  1.192 seconds
Platform modules already initialized, skipping
Refreshing native plugins compatible for Editor in 0.29 ms, found 0 plugins.
Preloading 0 native plugins for Editor in 0.00 ms.
Unloading 1118 Unused Serialized files (Serialized files now loaded: 0)
System memory in use before: 58.0 MB.
System memory in use after: 58.1 MB.

Unloading 4 unused Assets to reduce memory usage. Loaded Objects now: 1593.
Total: 2.811100 ms (FindLiveObjects: 0.189200 ms CreateObjectMapping: 0.065100 ms MarkObjects: 2.538700 ms  DeleteObjects: 0.016400 ms)

========================================================================
Received Prepare
Registering precompiled user dll's ...
Registered in 0.000688 seconds.
Begin MonoManager ReloadAssembly
Native extension for WindowsStandalone target not found
Refreshing native plugins compatible for Editor in 0.23 ms, found 0 plugins.
Preloading 0 native plugins for Editor in 0.00 ms.
Mono: successfully reloaded assembly
- Completed reload, in  0.883 seconds
Platform modules already initialized, skipping
Refreshing native plugins compatible for Editor in 0.24 ms, found 0 plugins.
Preloading 0 native plugins for Editor in 0.00 ms.
Unloading 1118 Unused Serialized files (Serialized files now loaded: 0)
System memory in use before: 58.0 MB.
System memory in use after: 58.1 MB.

Unloading 4 unused Assets to reduce memory usage. Loaded Objects now: 1596.
Total: 3.271500 ms (FindLiveObjects: 0.399900 ms CreateObjectMapping: 0.157600 ms MarkObjects: 2.695500 ms  DeleteObjects: 0.016300 ms)

========================================================================
Received Prepare
Registering precompiled user dll's ...
Registered in 0.001134 seconds.
Begin MonoManager ReloadAssembly
Native extension for WindowsStandalone target not found
Refreshing native plugins compatible for Editor in 0.22 ms, found 0 plugins.
Preloading 0 native plugins for Editor in 0.00 ms.
Mono: successfully reloaded assembly
- Completed reload, in  0.821 seconds
Platform modules already initialized, skipping
Refreshing native plugins compatible for Editor in 0.29 ms, found 0 plugins.
Preloading 0 native plugins for Editor in 0.00 ms.
Unloading 1118 Unused Serialized files (Serialized files now loaded: 0)
System memory in use before: 58.1 MB.
System memory in use after: 58.2 MB.

Unloading 4 unused Assets to reduce memory usage. Loaded Objects now: 1599.
Total: 2.104300 ms (FindLiveObjects: 0.327600 ms CreateObjectMapping: 0.098900 ms MarkObjects: 1.662400 ms  DeleteObjects: 0.014000 ms)

========================================================================
Received Prepare
Registering precompiled user dll's ...
Registered in 0.000797 seconds.
Begin MonoManager ReloadAssembly
Native extension for WindowsStandalone target not found
Refreshing native plugins compatible for Editor in 0.21 ms, found 0 plugins.
Preloading 0 native plugins for Editor in 0.00 ms.
Mono: successfully reloaded assembly
- Completed reload, in  0.861 seconds
Platform modules already initialized, skipping
Refreshing native plugins compatible for Editor in 0.23 ms, found 0 plugins.
Preloading 0 native plugins for Editor in 0.00 ms.
Unloading 1118 Unused Serialized files (Serialized files now loaded: 0)
System memory in use before: 58.1 MB.
System memory in use after: 58.2 MB.

Unloading 4 unused Assets to reduce memory usage. Loaded Objects now: 1602.
Total: 1.852400 ms (FindLiveObjects: 0.233200 ms CreateObjectMapping: 0.042800 ms MarkObjects: 1.532700 ms  DeleteObjects: 0.042500 ms)

========================================================================
Received Prepare
Registering precompiled user dll's ...
Registered in 0.000741 seconds.
Begin MonoManager ReloadAssembly
Native extension for WindowsStandalone target not found
Refreshing native plugins compatible for Editor in 0.30 ms, found 0 plugins.
Preloading 0 native plugins for Editor in 0.00 ms.
Mono: successfully reloaded assembly
- Completed reload, in  0.830 seconds
Platform modules already initialized, skipping
Refreshing native plugins compatible for Editor in 0.23 ms, found 0 plugins.
Preloading 0 native plugins for Editor in 0.00 ms.
Unloading 1118 Unused Serialized files (Serialized files now loaded: 0)
System memory in use before: 58.1 MB.
System memory in use after: 58.2 MB.

Unloading 4 unused Assets to reduce memory usage. Loaded Objects now: 1605.
Total: 2.354300 ms (FindLiveObjects: 0.263400 ms CreateObjectMapping: 0.048100 ms MarkObjects: 2.003200 ms  DeleteObjects: 0.037600 ms)

========================================================================
Received Import Request.
  Time since last request: 634.402236 seconds.
  path: Assets/Scripts/LevelManager.cs
  artifactKey: Guid(1c2c631710454494383458961483dbcf) Importer(815301076,1909f56bfc062723c751e8b465ee728b)
Start importing Assets/Scripts/LevelManager.cs using Guid(1c2c631710454494383458961483dbcf) Importer(815301076,1909f56bfc062723c751e8b465ee728b)  -> (artifact id: '61686df82564d93c3c031d66388da284') in 0.005720 seconds
  Import took 0.008459 seconds .

========================================================================
Received Prepare
Registering precompiled user dll's ...
Registered in 0.000718 seconds.
Begin MonoManager ReloadAssembly
Native extension for WindowsStandalone target not found
Refreshing native plugins compatible for Editor in 0.21 ms, found 0 plugins.
Preloading 0 native plugins for Editor in 0.00 ms.
Mono: successfully reloaded assembly
- Completed reload, in  0.811 seconds
Platform modules already initialized, skipping
Refreshing native plugins compatible for Editor in 0.23 ms, found 0 plugins.
Preloading 0 native plugins for Editor in 0.00 ms.
Unloading 1118 Unused Serialized files (Serialized files now loaded: 0)
System memory in use before: 58.1 MB.
System memory in use after: 58.2 MB.

Unloading 4 unused Assets to reduce memory usage. Loaded Objects now: 1608.
Total: 2.639300 ms (FindLiveObjects: 0.206000 ms CreateObjectMapping: 0.059800 ms MarkObjects: 2.325500 ms  DeleteObjects: 0.047200 ms)

========================================================================
Received Import Request.
  Time since last request: 204.220373 seconds.
  path: Assets/Scripts/GameManagerEditor.cs
  artifactKey: Guid(1f56748428216504484890d817efc4f4) Importer(815301076,1909f56bfc062723c751e8b465ee728b)
Start importing Assets/Scripts/GameManagerEditor.cs using Guid(1f56748428216504484890d817efc4f4) Importer(815301076,1909f56bfc062723c751e8b465ee728b)  -> (artifact id: 'cbc6cec7ac04a409ad6616d42517ad06') in 0.010584 seconds
  Import took 0.012527 seconds .

========================================================================
Received Import Request.
  Time since last request: 0.027625 seconds.
  path: Assets/Scripts/GameManagerEditor.cs
  artifactKey: Guid(1f56748428216504484890d817efc4f4) Importer(815301076,1909f56bfc062723c751e8b465ee728b)
Start importing Assets/Scripts/GameManagerEditor.cs using Guid(1f56748428216504484890d817efc4f4) Importer(815301076,1909f56bfc062723c751e8b465ee728b)  -> (artifact id: 'cbc6cec7ac04a409ad6616d42517ad06') in 0.004718 seconds
  Import took 0.006969 seconds .

========================================================================
Received Import Request.
  Time since last request: 3.008764 seconds.
  path: Assets/Scripts/GameManagerScript.cs
  artifactKey: Guid(b06f68b58e187194bb5396cd401c473e) Importer(815301076,1909f56bfc062723c751e8b465ee728b)
Start importing Assets/Scripts/GameManagerScript.cs using Guid(b06f68b58e187194bb5396cd401c473e) Importer(815301076,1909f56bfc062723c751e8b465ee728b)  -> (artifact id: 'a014c23af189fcca2fe4cc31bd36c0c1') in 0.009914 seconds
  Import took 0.012018 seconds .

========================================================================
Received Prepare
Registering precompiled user dll's ...
Registered in 0.000873 seconds.
Begin MonoManager ReloadAssembly
Native extension for WindowsStandalone target not found
Refreshing native plugins compatible for Editor in 0.21 ms, found 0 plugins.
Preloading 0 native plugins for Editor in 0.00 ms.
Mono: successfully reloaded assembly
- Completed reload, in  0.864 seconds
Platform modules already initialized, skipping
Refreshing native plugins compatible for Editor in 0.26 ms, found 0 plugins.
Preloading 0 native plugins for Editor in 0.00 ms.
Unloading 1118 Unused Serialized files (Serialized files now loaded: 0)
System memory in use before: 58.1 MB.
System memory in use after: 58.2 MB.

Unloading 4 unused Assets to reduce memory usage. Loaded Objects now: 1611.
Total: 1.969800 ms (FindLiveObjects: 0.213700 ms CreateObjectMapping: 0.067000 ms MarkObjects: 1.672900 ms  DeleteObjects: 0.014700 ms)

========================================================================
Received Import Request.
  Time since last request: 686.042389 seconds.
  path: Assets/Scripts/GameManagerScript.cs
  artifactKey: Guid(b06f68b58e187194bb5396cd401c473e) Importer(815301076,1909f56bfc062723c751e8b465ee728b)
Start importing Assets/Scripts/GameManagerScript.cs using Guid(b06f68b58e187194bb5396cd401c473e) Importer(815301076,1909f56bfc062723c751e8b465ee728b)  -> (artifact id: '5c0c06976dbf3ec07f15e188d75e6698') in 0.004407 seconds
  Import took 0.006378 seconds .

========================================================================
Received Import Request.
  Time since last request: 23.749157 seconds.
  path: Assets/Scripts/AnimationManager.cs
  artifactKey: Guid(93edd559fd2eee44c9b76cbc2c9102b3) Importer(815301076,1909f56bfc062723c751e8b465ee728b)
Start importing Assets/Scripts/AnimationManager.cs using Guid(93edd559fd2eee44c9b76cbc2c9102b3) Importer(815301076,1909f56bfc062723c751e8b465ee728b)  -> (artifact id: '6dc26b637971aaee64e9a5b50100c55c') in 0.011128 seconds
  Import took 0.018286 seconds .

========================================================================
Received Prepare
Registering precompiled user dll's ...
Registered in 0.000714 seconds.
Begin MonoManager ReloadAssembly
Native extension for WindowsStandalone target not found
Refreshing native plugins compatible for Editor in 0.21 ms, found 0 plugins.
Preloading 0 native plugins for Editor in 0.00 ms.
Mono: successfully reloaded assembly
- Completed reload, in  0.872 seconds
Platform modules already initialized, skipping
Refreshing native plugins compatible for Editor in 0.22 ms, found 0 plugins.
Preloading 0 native plugins for Editor in 0.00 ms.
Unloading 1119 Unused Serialized files (Serialized files now loaded: 0)
System memory in use before: 58.1 MB.
System memory in use after: 58.2 MB.

Unloading 4 unused Assets to reduce memory usage. Loaded Objects now: 1615.
Total: 2.902200 ms (FindLiveObjects: 0.353700 ms CreateObjectMapping: 0.110500 ms MarkObjects: 2.413600 ms  DeleteObjects: 0.023200 ms)

========================================================================
Received Import Request.
  Time since last request: 5.902312 seconds.
  path: Assets/Scripts/SwerveMovement.cs
  artifactKey: Guid(0486b9937d03526419bd1aaaa0e2cbc7) Importer(815301076,1909f56bfc062723c751e8b465ee728b)
Start importing Assets/Scripts/SwerveMovement.cs using Guid(0486b9937d03526419bd1aaaa0e2cbc7) Importer(815301076,1909f56bfc062723c751e8b465ee728b)  -> (artifact id: '0193922ca42c2fd4da81915d281a3fb8') in 0.010285 seconds
  Import took 0.012339 seconds .

========================================================================
Received Import Request.
  Time since last request: 0.029740 seconds.
  path: Assets/Scripts/SwerveMovement.cs
  artifactKey: Guid(0486b9937d03526419bd1aaaa0e2cbc7) Importer(815301076,1909f56bfc062723c751e8b465ee728b)
Start importing Assets/Scripts/SwerveMovement.cs using Guid(0486b9937d03526419bd1aaaa0e2cbc7) Importer(815301076,1909f56bfc062723c751e8b465ee728b)  -> (artifact id: '0193922ca42c2fd4da81915d281a3fb8') in 0.004241 seconds
  Import took 0.007322 seconds .

========================================================================
Received Prepare
Registering precompiled user dll's ...
Registered in 0.000740 seconds.
Begin MonoManager ReloadAssembly
Native extension for WindowsStandalone target not found
Refreshing native plugins compatible for Editor in 0.27 ms, found 0 plugins.
Preloading 0 native plugins for Editor in 0.00 ms.
Mono: successfully reloaded assembly
- Completed reload, in  0.955 seconds
Platform modules already initialized, skipping
Refreshing native plugins compatible for Editor in 0.29 ms, found 0 plugins.
Preloading 0 native plugins for Editor in 0.00 ms.
Unloading 1119 Unused Serialized files (Serialized files now loaded: 0)
System memory in use before: 58.1 MB.
System memory in use after: 58.2 MB.

Unloading 4 unused Assets to reduce memory usage. Loaded Objects now: 1618.
Total: 2.565300 ms (FindLiveObjects: 0.326000 ms CreateObjectMapping: 0.083100 ms MarkObjects: 2.100900 ms  DeleteObjects: 0.053300 ms)

========================================================================
Received Import Request.
  Time since last request: 64.426717 seconds.
  path: Assets/Scripts/PlayerInput.cs
  artifactKey: Guid(928c9bacc90a80e40bedb6f42d0dfa94) Importer(815301076,1909f56bfc062723c751e8b465ee728b)
Start importing Assets/Scripts/PlayerInput.cs using Guid(928c9bacc90a80e40bedb6f42d0dfa94) Importer(815301076,1909f56bfc062723c751e8b465ee728b)  -> (artifact id: '50c5f0cb19d9ace12149990e102ff2be') in 0.010858 seconds
  Import took 0.013770 seconds .

========================================================================
Received Import Request.
  Time since last request: 1.001982 seconds.
  path: Assets/Scripts/UIManager.cs
  artifactKey: Guid(9ef1899fc755b1e4fb15c67e471bc43a) Importer(815301076,1909f56bfc062723c751e8b465ee728b)
Start importing Assets/Scripts/UIManager.cs using Guid(9ef1899fc755b1e4fb15c67e471bc43a) Importer(815301076,1909f56bfc062723c751e8b465ee728b)  -> (artifact id: '1e607b673007461fbc9a9b09de8bd0cf') in 0.003916 seconds
  Import took 0.005997 seconds .

========================================================================
Received Import Request.
  Time since last request: 0.002188 seconds.
  path: Assets/Scripts/UIManager.cs
  artifactKey: Guid(9ef1899fc755b1e4fb15c67e471bc43a) Importer(815301076,1909f56bfc062723c751e8b465ee728b)
Start importing Assets/Scripts/UIManager.cs using Guid(9ef1899fc755b1e4fb15c67e471bc43a) Importer(815301076,1909f56bfc062723c751e8b465ee728b)  -> (artifact id: '1e607b673007461fbc9a9b09de8bd0cf') in 0.005310 seconds
  Import took 0.007879 seconds .

========================================================================
Received Prepare
Registering precompiled user dll's ...
Registered in 0.000680 seconds.
Begin MonoManager ReloadAssembly
Native extension for WindowsStandalone target not found
Refreshing native plugins compatible for Editor in 0.27 ms, found 0 plugins.
Preloading 0 native plugins for Editor in 0.00 ms.
Mono: successfully reloaded assembly
- Completed reload, in  0.835 seconds
Platform modules already initialized, skipping
Refreshing native plugins compatible for Editor in 0.25 ms, found 0 plugins.
Preloading 0 native plugins for Editor in 0.00 ms.
Unloading 1119 Unused Serialized files (Serialized files now loaded: 0)
System memory in use before: 58.1 MB.
System memory in use after: 58.2 MB.

Unloading 4 unused Assets to reduce memory usage. Loaded Objects now: 1621.
Total: 4.222200 ms (FindLiveObjects: 0.538100 ms CreateObjectMapping: 0.056700 ms MarkObjects: 3.609800 ms  DeleteObjects: 0.016000 ms)

========================================================================
Received Import Request.
  Time since last request: 30.400181 seconds.
  path: Assets/Scripts/UIManager.cs
  artifactKey: Guid(9ef1899fc755b1e4fb15c67e471bc43a) Importer(815301076,1909f56bfc062723c751e8b465ee728b)
Start importing Assets/Scripts/UIManager.cs using Guid(9ef1899fc755b1e4fb15c67e471bc43a) Importer(815301076,1909f56bfc062723c751e8b465ee728b)  -> (artifact id: '742c4f6f75a459a4627fbe4a3bb89a5f') in 0.005418 seconds
  Import took 0.012646 seconds .

========================================================================
Received Prepare
Registering precompiled user dll's ...
Registered in 0.000693 seconds.
Begin MonoManager ReloadAssembly
Native extension for WindowsStandalone target not found
Refreshing native plugins compatible for Editor in 0.21 ms, found 0 plugins.
Preloading 0 native plugins for Editor in 0.00 ms.
Mono: successfully reloaded assembly
- Completed reload, in  0.832 seconds
Platform modules already initialized, skipping
Refreshing native plugins compatible for Editor in 0.26 ms, found 0 plugins.
Preloading 0 native plugins for Editor in 0.00 ms.
Unloading 1119 Unused Serialized files (Serialized files now loaded: 0)
System memory in use before: 58.1 MB.
System memory in use after: 58.2 MB.

Unloading 4 unused Assets to reduce memory usage. Loaded Objects now: 1624.
Total: 1.978300 ms (FindLiveObjects: 0.209300 ms CreateObjectMapping: 0.061700 ms MarkObjects: 1.668600 ms  DeleteObjects: 0.037600 ms)

========================================================================
Received Prepare
Registering precompiled user dll's ...
Registered in 0.000950 seconds.
Begin MonoManager ReloadAssembly
Native extension for WindowsStandalone target not found
Refreshing native plugins compatible for Editor in 0.22 ms, found 0 plugins.
Preloading 0 native plugins for Editor in 0.00 ms.
Mono: successfully reloaded assembly
- Completed reload, in  0.865 seconds
Platform modules already initialized, skipping
Refreshing native plugins compatible for Editor in 0.36 ms, found 0 plugins.
Preloading 0 native plugins for Editor in 0.00 ms.
Unloading 1119 Unused Serialized files (Serialized files now loaded: 0)
System memory in use before: 58.1 MB.
System memory in use after: 58.2 MB.

Unloading 4 unused Assets to reduce memory usage. Loaded Objects now: 1627.
Total: 1.994700 ms (FindLiveObjects: 0.178800 ms CreateObjectMapping: 0.036700 ms MarkObjects: 1.764500 ms  DeleteObjects: 0.013900 ms)

========================================================================
Received Prepare
Registering precompiled user dll's ...
Registered in 0.001167 seconds.
Begin MonoManager ReloadAssembly
Native extension for WindowsStandalone target not found
Refreshing native plugins compatible for Editor in 0.24 ms, found 0 plugins.
Preloading 0 native plugins for Editor in 0.00 ms.
Mono: successfully reloaded assembly
- Completed reload, in  1.019 seconds
Platform modules already initialized, skipping
Refreshing native plugins compatible for Editor in 0.38 ms, found 0 plugins.
Preloading 0 native plugins for Editor in 0.00 ms.
Unloading 1119 Unused Serialized files (Serialized files now loaded: 0)
System memory in use before: 58.1 MB.
System memory in use after: 58.2 MB.

Unloading 4 unused Assets to reduce memory usage. Loaded Objects now: 1630.
Total: 1.810100 ms (FindLiveObjects: 0.190100 ms CreateObjectMapping: 0.041500 ms MarkObjects: 1.529100 ms  DeleteObjects: 0.048700 ms)

